0 verbose cli /usr/local/bin/node /usr/local/bin/npm
1 info using npm@10.9.3
2 info using node@v22.18.0
3 silly config load:file:/usr/local/lib/node_modules/npm/npmrc
4 silly config load:file:/Users/kelsopalheta/Developer/redacao-corrigida-enem/.npmrc
5 silly config load:file:/Users/kelsopalheta/.npmrc
6 silly config load:file:/usr/local/etc/npmrc
7 verbose title npm install
8 verbose argv "install" "--cache" ".npm_cache"
9 verbose logfile logs-max:10 dir:/Users/kelsopalheta/Developer/redacao-corrigida-enem/.npm_cache/_logs/2026-03-31T17_56_03_398Z-
10 verbose logfile /Users/kelsopalheta/Developer/redacao-corrigida-enem/.npm_cache/_logs/2026-03-31T17_56_03_398Z-debug-0.log
11 silly logfile done cleaning log files
12 silly packumentCache heap:2197815296 maxSize:549453824 maxEntrySize:274726912
13 silly idealTree buildDeps
14 silly fetch manifest autoprefixer@^10.4.19
15 silly packumentCache full:https://registry.npmjs.org/autoprefixer cache-miss
16 http fetch GET 200 https://registry.npmjs.org/autoprefixer 700ms (cache miss)
17 silly packumentCache full:https://registry.npmjs.org/autoprefixer set size:undefined disposed:false
18 silly fetch manifest postcss@^8
19 silly packumentCache full:https://registry.npmjs.org/postcss cache-miss
20 http fetch GET 200 https://registry.npmjs.org/postcss 213ms (cache revalidated)
21 silly packumentCache full:https://registry.npmjs.org/postcss set size:702266 disposed:false
22 silly placeDep ROOT autoprefixer@10.4.27 OK for: redacao-corrigida-enem@0.1.0 want: ^10.4.19
23 silly fetch manifest browserslist@^4.28.1
24 silly packumentCache full:https://registry.npmjs.org/browserslist cache-miss
25 silly fetch manifest fraction.js@^5.3.4
26 silly packumentCache full:https://registry.npmjs.org/fraction.js cache-miss
27 http fetch GET 200 https://registry.npmjs.org/browserslist 219ms (cache miss)
28 silly packumentCache full:https://registry.npmjs.org/browserslist set size:undefined disposed:false
29 http fetch GET 200 https://registry.npmjs.org/fraction.js 238ms (cache miss)
30 silly packumentCache full:https://registry.npmjs.org/fraction.js set size:undefined disposed:false
31 silly placeDep ROOT browserslist@4.28.2 OK for: autoprefixer@10.4.27 want: ^4.28.1
32 silly placeDep ROOT fraction.js@5.3.4 OK for: autoprefixer@10.4.27 want: ^5.3.4
33 silly fetch manifest baseline-browser-mapping@^2.10.12
34 silly packumentCache full:https://registry.npmjs.org/baseline-browser-mapping cache-miss
35 silly fetch manifest electron-to-chromium@^1.5.328
36 silly packumentCache full:https://registry.npmjs.org/electron-to-chromium cache-miss
37 silly fetch manifest node-releases@^2.0.36
38 silly packumentCache full:https://registry.npmjs.org/node-releases cache-miss
39 silly fetch manifest update-browserslist-db@^1.2.3
40 silly packumentCache full:https://registry.npmjs.org/update-browserslist-db cache-miss
41 http fetch GET 200 https://registry.npmjs.org/node-releases 217ms (cache miss)
42 silly packumentCache full:https://registry.npmjs.org/node-releases set size:undefined disposed:false
43 http fetch GET 200 https://registry.npmjs.org/update-browserslist-db 274ms (cache miss)
44 silly packumentCache full:https://registry.npmjs.org/update-browserslist-db set size:undefined disposed:false
45 http fetch GET 200 https://registry.npmjs.org/electron-to-chromium 408ms (cache miss)
46 silly packumentCache full:https://registry.npmjs.org/electron-to-chromium set size:undefined disposed:false
47 http fetch GET 200 https://registry.npmjs.org/baseline-browser-mapping 512ms (cache miss)
48 silly packumentCache full:https://registry.npmjs.org/baseline-browser-mapping set size:undefined disposed:false
49 silly fetch manifest browserslist@>= 4.21.0
50 silly packumentCache full:https://registry.npmjs.org/browserslist cache-miss
51 http cache https://registry.npmjs.org/browserslist 4ms (cache hit)
52 silly packumentCache full:https://registry.npmjs.org/browserslist set size:504681 disposed:false
53 silly placeDep ROOT baseline-browser-mapping@2.10.13 OK for: browserslist@4.28.2 want: ^2.10.12
54 silly placeDep ROOT electron-to-chromium@1.5.329 OK for: browserslist@4.28.2 want: ^1.5.328
55 silly placeDep ROOT node-releases@2.0.36 OK for: browserslist@4.28.2 want: ^2.0.36
56 silly placeDep ROOT update-browserslist-db@1.2.3 OK for: browserslist@4.28.2 want: ^1.2.3
57 silly fetch manifest escalade@^3.2.0
58 silly packumentCache full:https://registry.npmjs.org/escalade cache-miss
59 http fetch GET 200 https://registry.npmjs.org/escalade 200ms (cache miss)
60 silly packumentCache full:https://registry.npmjs.org/escalade set size:undefined disposed:false
61 silly placeDep ROOT escalade@3.2.0 OK for: update-browserslist-db@1.2.3 want: ^3.2.0
62 silly reify moves {}
63 silly audit bulk request {
63 silly audit   '@alloc/quick-lru': [ '5.2.0' ],
63 silly audit   '@jridgewell/gen-mapping': [ '0.3.13' ],
63 silly audit   '@jridgewell/resolve-uri': [ '3.1.2' ],
63 silly audit   '@jridgewell/sourcemap-codec': [ '1.5.5' ],
63 silly audit   '@jridgewell/trace-mapping': [ '0.3.31' ],
63 silly audit   '@next/env': [ '14.2.14' ],
63 silly audit   '@next/swc-darwin-arm64': [ '14.2.14' ],
63 silly audit   '@next/swc-darwin-x64': [ '14.2.14' ],
63 silly audit   '@next/swc-linux-arm64-gnu': [ '14.2.14' ],
63 silly audit   '@next/swc-linux-arm64-musl': [ '14.2.14' ],
63 silly audit   '@next/swc-linux-x64-gnu': [ '14.2.14' ],
63 silly audit   '@next/swc-linux-x64-musl': [ '14.2.14' ],
63 silly audit   '@next/swc-win32-arm64-msvc': [ '14.2.14' ],
63 silly audit   '@next/swc-win32-ia32-msvc': [ '14.2.14' ],
63 silly audit   '@next/swc-win32-x64-msvc': [ '14.2.14' ],
63 silly audit   '@nodelib/fs.scandir': [ '2.1.5' ],
63 silly audit   '@nodelib/fs.stat': [ '2.0.5' ],
63 silly audit   '@nodelib/fs.walk': [ '1.2.8' ],
63 silly audit   '@swc/counter': [ '0.1.3' ],
63 silly audit   '@swc/helpers': [ '0.5.5' ],
63 silly audit   '@types/node': [ '20.19.37' ],
63 silly audit   '@types/prop-types': [ '15.7.15' ],
63 silly audit   '@types/react': [ '18.3.28' ],
63 silly audit   '@types/react-dom': [ '18.3.7' ],
63 silly audit   'any-promise': [ '1.3.0' ],
63 silly audit   anymatch: [ '3.1.3' ],
63 silly audit   arg: [ '5.0.2' ],
63 silly audit   'binary-extensions': [ '2.3.0' ],
63 silly audit   braces: [ '3.0.3' ],
63 silly audit   busboy: [ '1.6.0' ],
63 silly audit   'camelcase-css': [ '2.0.1' ],
63 silly audit   'caniuse-lite': [ '1.0.30001782' ],
63 silly audit   chokidar: [ '3.6.0' ],
63 silly audit   'glob-parent': [ '5.1.2', '6.0.2' ],
63 silly audit   'client-only': [ '0.0.1' ],
63 silly audit   clsx: [ '2.1.1' ],
63 silly audit   commander: [ '4.1.1' ],
63 silly audit   cssesc: [ '3.0.0' ],
63 silly audit   csstype: [ '3.2.3' ],
63 silly audit   didyoumean: [ '1.2.2' ],
63 silly audit   dlv: [ '1.1.3' ],
63 silly audit   'fast-glob': [ '3.3.3' ],
63 silly audit   fastq: [ '1.20.1' ],
63 silly audit   'fill-range': [ '7.1.1' ],
63 silly audit   'framer-motion': [ '11.18.2' ],
63 silly audit   fsevents: [ '2.3.3' ],
63 silly audit   'function-bind': [ '1.1.2' ],
63 silly audit   'graceful-fs': [ '4.2.11' ],
63 silly audit   hasown: [ '2.0.2' ],
63 silly audit   'is-binary-path': [ '2.1.0' ],
63 silly audit   'is-core-module': [ '2.16.1' ],
63 silly audit   'is-extglob': [ '2.1.1' ],
63 silly audit   'is-glob': [ '4.0.3' ],
63 silly audit   'is-number': [ '7.0.0' ],
63 silly audit   jiti: [ '1.21.7' ],
63 silly audit   'js-tokens': [ '4.0.0' ],
63 silly audit   lilconfig: [ '3.1.3' ],
63 silly audit   'lines-and-columns': [ '1.2.4' ],
63 silly audit   'loose-envify': [ '1.4.0' ],
63 silly audit   'lucide-react': [ '0.453.0' ],
63 silly audit   merge2: [ '1.4.1' ],
63 silly audit   micromatch: [ '4.0.8' ],
63 silly audit   'motion-dom': [ '11.18.1' ],
63 silly audit   'motion-utils': [ '11.18.1' ],
63 silly audit   mz: [ '2.7.0' ],
63 silly audit   nanoid: [ '3.3.11' ],
63 silly audit   next: [ '14.2.14' ],
63 silly audit   postcss: [ '8.4.31', '8.5.8' ],
63 silly audit   'normalize-path': [ '3.0.0' ],
63 silly audit   'object-assign': [ '4.1.1' ],
63 silly audit   'object-hash': [ '3.0.0' ],
63 silly audit   'path-parse': [ '1.0.7' ],
63 silly audit   picocolors: [ '1.1.1' ],
63 silly audit   picomatch: [ '2.3.2', '4.0.4' ],
63 silly audit   pify: [ '2.3.0' ],
63 silly audit   pirates: [ '4.0.7' ],
63 silly audit   'postcss-import': [ '15.1.0' ],
63 silly audit   'postcss-js': [ '4.1.0' ],
63 silly audit   'postcss-load-config': [ '6.0.1' ],
63 silly audit   'postcss-nested': [ '6.2.0' ],
63 silly audit   'postcss-selector-parser': [ '6.1.2' ],
63 silly audit   'postcss-value-parser': [ '4.2.0' ],
63 silly audit   'queue-microtask': [ '1.2.3' ],
63 silly audit   react: [ '18.3.1' ],
63 silly audit   'react-dom': [ '18.3.1' ],
63 silly audit   'read-cache': [ '1.0.0' ],
63 silly audit   readdirp: [ '3.6.0' ],
63 silly audit   resolve: [ '1.22.11' ],
63 silly audit   reusify: [ '1.1.0' ],
63 silly audit   'run-parallel': [ '1.2.0' ],
63 silly audit   scheduler: [ '0.23.2' ],
63 silly audit   'source-map-js': [ '1.2.1' ],
63 silly audit   streamsearch: [ '1.1.0' ],
63 silly audit   'styled-jsx': [ '5.1.1' ],
63 silly audit   sucrase: [ '3.35.1' ],
63 silly audit   'supports-preserve-symlinks-flag': [ '1.0.0' ],
63 silly audit   'tailwind-merge': [ '2.6.1' ],
63 silly audit   tailwindcss: [ '3.4.19' ],
63 silly audit   thenify: [ '3.3.1' ],
63 silly audit   'thenify-all': [ '1.6.0' ],
63 silly audit   tinyglobby: [ '0.2.15' ],
63 silly audit   fdir: [ '6.5.0' ],
63 silly audit   'to-regex-range': [ '5.0.1' ],
63 silly audit   'ts-interface-checker': [ '0.1.13' ],
63 silly audit   tslib: [ '2.8.1' ],
63 silly audit   typescript: [ '5.9.3' ],
63 silly audit   'undici-types': [ '6.21.0' ],
63 silly audit   'util-deprecate': [ '1.0.2' ],
63 silly audit   autoprefixer: [ '10.4.27' ],
63 silly audit   browserslist: [ '4.28.2' ],
63 silly audit   'fraction.js': [ '5.3.4' ],
63 silly audit   'baseline-browser-mapping': [ '2.10.13' ],
63 silly audit   'electron-to-chromium': [ '1.5.329' ],
63 silly audit   'node-releases': [ '2.0.36' ],
63 silly audit   'update-browserslist-db': [ '1.2.3' ],
63 silly audit   escalade: [ '3.2.0' ]
63 silly audit }
64 verbose reify failed optional dependency /Users/kelsopalheta/Developer/redacao-corrigida-enem/node_modules/@next/swc-win32-x64-msvc
65 silly reify mark deleted [
65 silly reify   '/Users/kelsopalheta/Developer/redacao-corrigida-enem/node_modules/@next/swc-win32-x64-msvc'
65 silly reify ]
66 verbose reify failed optional dependency /Users/kelsopalheta/Developer/redacao-corrigida-enem/node_modules/@next/swc-win32-ia32-msvc
67 silly reify mark deleted [
67 silly reify   '/Users/kelsopalheta/Developer/redacao-corrigida-enem/node_modules/@next/swc-win32-ia32-msvc'
67 silly reify ]
68 verbose reify failed optional dependency /Users/kelsopalheta/Developer/redacao-corrigida-enem/node_modules/@next/swc-win32-arm64-msvc
69 silly reify mark deleted [
69 silly reify   '/Users/kelsopalheta/Developer/redacao-corrigida-enem/node_modules/@next/swc-win32-arm64-msvc'
69 silly reify ]
70 verbose reify failed optional dependency /Users/kelsopalheta/Developer/redacao-corrigida-enem/node_modules/@next/swc-linux-x64-musl
71 silly reify mark deleted [
71 silly reify   '/Users/kelsopalheta/Developer/redacao-corrigida-enem/node_modules/@next/swc-linux-x64-musl'
71 silly reify ]
72 verbose reify failed optional dependency /Users/kelsopalheta/Developer/redacao-corrigida-enem/node_modules/@next/swc-linux-x64-gnu
73 silly reify mark deleted [
73 silly reify   '/Users/kelsopalheta/Developer/redacao-corrigida-enem/node_modules/@next/swc-linux-x64-gnu'
73 silly reify ]
74 verbose reify failed optional dependency /Users/kelsopalheta/Developer/redacao-corrigida-enem/node_modules/@next/swc-linux-arm64-musl
75 silly reify mark deleted [
75 silly reify   '/Users/kelsopalheta/Developer/redacao-corrigida-enem/node_modules/@next/swc-linux-arm64-musl'
75 silly reify ]
76 verbose reify failed optional dependency /Users/kelsopalheta/Developer/redacao-corrigida-enem/node_modules/@next/swc-linux-arm64-gnu
77 silly reify mark deleted [
77 silly reify   '/Users/kelsopalheta/Developer/redacao-corrigida-enem/node_modules/@next/swc-linux-arm64-gnu'
77 silly reify ]
78 verbose reify failed optional dependency /Users/kelsopalheta/Developer/redacao-corrigida-enem/node_modules/@next/swc-darwin-x64
79 silly reify mark deleted [
79 silly reify   '/Users/kelsopalheta/Developer/redacao-corrigida-enem/node_modules/@next/swc-darwin-x64'
79 silly reify ]
80 http cache update-browserslist-db@https://registry.npmjs.org/update-browserslist-db/-/update-browserslist-db-1.2.3.tgz 0ms (cache hit)
81 http cache fraction.js@https://registry.npmjs.org/fraction.js/-/fraction.js-5.3.4.tgz 0ms (cache hit)
82 http cache escalade@https://registry.npmjs.org/escalade/-/escalade-3.2.0.tgz 0ms (cache hit)
83 http cache baseline-browser-mapping@https://registry.npmjs.org/baseline-browser-mapping/-/baseline-browser-mapping-2.10.13.tgz 0ms (cache hit)
84 http cache node-releases@https://registry.npmjs.org/node-releases/-/node-releases-2.0.36.tgz 0ms (cache hit)
85 http cache autoprefixer@https://registry.npmjs.org/autoprefixer/-/autoprefixer-10.4.27.tgz 0ms (cache hit)
86 http cache browserslist@https://registry.npmjs.org/browserslist/-/browserslist-4.28.2.tgz 0ms (cache hit)
87 silly tarball no local data for update-browserslist-db@https://registry.npmjs.org/update-browserslist-db/-/update-browserslist-db-1.2.3.tgz. Extracting by manifest.
88 silly tarball no local data for fraction.js@https://registry.npmjs.org/fraction.js/-/fraction.js-5.3.4.tgz. Extracting by manifest.
89 silly tarball no local data for escalade@https://registry.npmjs.org/escalade/-/escalade-3.2.0.tgz. Extracting by manifest.
90 http cache electron-to-chromium@https://registry.npmjs.org/electron-to-chromium/-/electron-to-chromium-1.5.329.tgz 0ms (cache hit)
91 silly tarball no local data for baseline-browser-mapping@https://registry.npmjs.org/baseline-browser-mapping/-/baseline-browser-mapping-2.10.13.tgz. Extracting by manifest.
92 http cache fsevents@https://registry.npmjs.org/fsevents/-/fsevents-2.3.3.tgz 0ms (cache hit)
93 silly tarball no local data for node-releases@https://registry.npmjs.org/node-releases/-/node-releases-2.0.36.tgz. Extracting by manifest.
94 silly tarball no local data for autoprefixer@https://registry.npmjs.org/autoprefixer/-/autoprefixer-10.4.27.tgz. Extracting by manifest.
95 silly tarball no local data for browserslist@https://registry.npmjs.org/browserslist/-/browserslist-4.28.2.tgz. Extracting by manifest.
96 silly tarball no local data for electron-to-chromium@https://registry.npmjs.org/electron-to-chromium/-/electron-to-chromium-1.5.329.tgz. Extracting by manifest.
97 http fetch GET 200 https://registry.npmjs.org/escalade/-/escalade-3.2.0.tgz 57ms (cache miss)
98 http fetch GET 200 https://registry.npmjs.org/update-browserslist-db/-/update-browserslist-db-1.2.3.tgz 59ms (cache miss)
99 http fetch GET 200 https://registry.npmjs.org/fraction.js/-/fraction.js-5.3.4.tgz 63ms (cache miss)
100 http fetch GET 200 https://registry.npmjs.org/baseline-browser-mapping/-/baseline-browser-mapping-2.10.13.tgz 71ms (cache miss)
101 http fetch GET 200 https://registry.npmjs.org/node-releases/-/node-releases-2.0.36.tgz 90ms (cache miss)
102 http fetch GET 200 https://registry.npmjs.org/electron-to-chromium/-/electron-to-chromium-1.5.329.tgz 97ms (cache miss)
103 http fetch GET 200 https://registry.npmjs.org/browserslist/-/browserslist-4.28.2.tgz 110ms (cache miss)
104 http fetch GET 200 https://registry.npmjs.org/autoprefixer/-/autoprefixer-10.4.27.tgz 115ms (cache miss)
105 http fetch POST 200 https://registry.npmjs.org/-/npm/v1/security/advisories/bulk 581ms
106 silly audit report {
106 silly audit report   next: [
106 silly audit report     {
106 silly audit report       id: 1101438,
106 silly audit report       url: 'https://github.com/advisories/GHSA-7m27-7ghc-44w9',
106 silly audit report       title: 'Next.js Allows a Denial of Service (DoS) with Server Actions',
106 silly audit report       severity: 'moderate',
106 silly audit report       vulnerable_versions: '>=14.0.0 <14.2.21',
106 silly audit report       cwe: [Array],
106 silly audit report       cvss: [Object]
106 silly audit report     },
106 silly audit report     {
106 silly audit report       id: 1105461,
106 silly audit report       url: 'https://github.com/advisories/GHSA-3h52-269p-cp9r',
106 silly audit report       title: 'Information exposure in Next.js dev server due to lack of origin verification',
106 silly audit report       severity: 'low',
106 silly audit report       vulnerable_versions: '>=13.0 <14.2.30',
106 silly audit report       cwe: [Array],
106 silly audit report       cvss: [Object]
106 silly audit report     },
106 silly audit report     {
106 silly audit report       id: 1111391,
106 silly audit report       url: 'https://github.com/advisories/GHSA-mwv6-3258-q52c',
106 silly audit report       title: 'Next Vulnerable to Denial of Service with Server Components',
106 silly audit report       severity: 'high',
106 silly audit report       vulnerable_versions: '>=13.3.0 <14.2.34',
106 silly audit report       cwe: [Array],
106 silly audit report       cvss: [Object]
106 silly audit report     },
106 silly audit report     {
106 silly audit report       id: 1107226,
106 silly audit report       url: 'https://github.com/advisories/GHSA-g5qg-72qw-gw5v',
106 silly audit report       title: 'Next.js Affected by Cache Key Confusion for Image Optimization API Routes',
106 silly audit report       severity: 'moderate',
106 silly audit report       vulnerable_versions: '>=0.9.9 <14.2.31',
106 silly audit report       cwe: [Array],
106 silly audit report       cvss: [Object]
106 silly audit report     },
106 silly audit report     {
106 silly audit report       id: 1107420,
106 silly audit report       url: 'https://github.com/advisories/GHSA-7gfc-8cq8-jh5f',
106 silly audit report       title: 'Next.js authorization bypass vulnerability',
106 silly audit report       severity: 'high',
106 silly audit report       vulnerable_versions: '>=9.5.5 <14.2.15',
106 silly audit report       cwe: [Array],
106 silly audit report       cvss: [Object]
106 silly audit report     },
106 silly audit report     {
106 silly audit report       id: 1107512,
106 silly audit report       url: 'https://github.com/advisories/GHSA-4342-x723-ch2f',
106 silly audit report       title: 'Next.js Improper Middleware Redirect Handling Leads to SSRF',
106 silly audit report       severity: 'moderate',
106 silly audit report       vulnerable_versions: '>=0.9.9 <14.2.32',
106 silly audit report       cwe: [Array],
106 silly audit report       cvss: [Object]
106 silly audit report     },
106 silly audit report     {
106 silly audit report       id: 1107513,
106 silly audit report       url: 'https://github.com/advisories/GHSA-xv57-4mr9-wg8v',
106 silly audit report       title: 'Next.js Content Injection Vulnerability for Image Optimization',
106 silly audit report       severity: 'moderate',
106 silly audit report       vulnerable_versions: '>=0.9.9 <14.2.31',
106 silly audit report       cwe: [Array],
106 silly audit report       cvss: [Object]
106 silly audit report     },
106 silly audit report     {
106 silly audit report       id: 1112182,
106 silly audit report       url: 'https://github.com/advisories/GHSA-5j59-xgg2-r9c4',
106 silly audit report       title: 'Next has a Denial of Service with Server Components - Incomplete Fix Follow-Up',
106 silly audit report       severity: 'high',
106 silly audit report       vulnerable_versions: '>=13.3.1-canary.0 <14.2.35',
106 silly audit report       cwe: [Array],
106 silly audit report       cvss: [Object]
106 silly audit report     },
106 silly audit report     {
106 silly audit report       id: 1108291,
106 silly audit report       url: 'https://github.com/advisories/GHSA-qpjv-v59x-3qc4',
106 silly audit report       title: 'Next.js Race Condition to Cache Poisoning',
106 silly audit report       severity: 'low',
106 silly audit report       vulnerable_versions: '>=0.9.9 <14.2.24',
106 silly audit report       cwe: [Array],
106 silly audit report       cvss: [Object]
106 silly audit report     },
106 silly audit report     {
106 silly audit report       id: 1112593,
106 silly audit report       url: 'https://github.com/advisories/GHSA-9g9p-9gw9-jx7f',
106 silly audit report       title: 'Next.js self-hosted applications vulnerable to DoS via Image Optimizer remotePatterns configuration',
106 silly audit report       severity: 'moderate',
106 silly audit report       vulnerable_versions: '>=10.0.0 <15.5.10',
106 silly audit report       cwe: [Array],
106 silly audit report       cvss: [Object]
106 silly audit report     },
106 silly audit report     {
106 silly audit report       id: 1112653,
106 silly audit report       url: 'https://github.com/advisories/GHSA-h25m-26qc-wcjf',
106 silly audit report       title: 'Next.js HTTP request deserialization can lead to DoS when using insecure React Server Components',
106 silly audit report       severity: 'high',
106 silly audit report       vulnerable_versions: '>=13.0.0 <15.0.8',
106 silly audit report       cwe: [Array],
106 silly audit report       cvss: [Object]
106 silly audit report     },
106 silly audit report     {
106 silly audit report       id: 1113689,
106 silly audit report       url: 'https://github.com/advisories/GHSA-f82v-jwr5-mffw',
106 silly audit report       title: 'Authorization Bypass in Next.js Middleware',
106 silly audit report       severity: 'critical',
106 silly audit report       vulnerable_versions: '>=14.0.0 <14.2.25',
106 silly audit report       cwe: [Array],
106 silly audit report       cvss: [Object]
106 silly audit report     },
106 silly audit report     {
106 silly audit report       id: 1114897,
106 silly audit report       url: 'https://github.com/advisories/GHSA-ggv3-7p47-pfv8',
106 silly audit report       title: 'Next.js: HTTP request smuggling in rewrites',
106 silly audit report       severity: 'moderate',
106 silly audit report       vulnerable_versions: '>=9.5.0 <15.5.13',
106 silly audit report       cwe: [Array],
106 silly audit report       cvss: [Object]
106 silly audit report     },
106 silly audit report     {
106 silly audit report       id: 1114940,
106 silly audit report       url: 'https://github.com/advisories/GHSA-3x4c-7xq6-9pq8',
106 silly audit report       title: 'Next.js: Unbounded next/image disk cache growth can exhaust storage',
106 silly audit report       severity: 'moderate',
106 silly audit report       vulnerable_versions: '>=10.0.0 <15.5.14',
106 silly audit report       cwe: [Array],
106 silly audit report       cvss: [Object]
106 silly audit report     }
106 silly audit report   ]
106 silly audit report }
107 silly packumentCache corgi:https://registry.npmjs.org/next cache-miss
108 http fetch GET 200 https://registry.npmjs.org/next 620ms (cache revalidated)
109 silly packumentCache corgi:https://registry.npmjs.org/next set size:24482801 disposed:false
110 silly ADD node_modules/escalade
111 silly ADD node_modules/update-browserslist-db
112 silly ADD node_modules/node-releases
113 silly ADD node_modules/electron-to-chromium
114 silly ADD node_modules/baseline-browser-mapping
115 silly ADD node_modules/fraction.js
116 silly ADD node_modules/browserslist
117 silly ADD node_modules/autoprefixer
118 silly ADD node_modules/fsevents
119 silly ADD
120 silly ADD
121 silly ADD
122 silly ADD
123 silly ADD
124 silly ADD
125 silly ADD
126 silly ADD
127 verbose cwd /Users/kelsopalheta/Developer/redacao-corrigida-enem
128 verbose os Darwin 25.4.0
129 verbose node v22.18.0
130 verbose npm  v10.9.3
131 verbose exit 0
132 info ok
